  UdemySortingVectors.cpp
E:\Visual Studio Repos\UdemySortingVectors\UdemySortingVectors\UdemySortingVectors.cpp(35,23): warning C4018: '<': signed/unsigned mismatch
E:\Visual Studio Repos\UdemySortingVectors\UdemySortingVectors\UdemySortingVectors.cpp(42,23): warning C4018: '<': signed/unsigned mismatch
C:\Program Files (x86)\Microsoft Visual Studio\2019\Community\VC\Tools\MSVC\14.28.29333\include\xutility(1614,14): error C2672: 'operator __surrogate_func': no matching overloaded function found
C:\Program Files (x86)\Microsoft Visual Studio\2019\Community\VC\Tools\MSVC\14.28.29333\include\xutility(1613): message : see reference to function template instantiation 'bool std::_Debug_lt_pred<_Pr&,Test&,Test&,0>(std::less<void>&,_Ty1,_Ty2) noexcept(<expr>)' being compiled
          with
          [
              _Pr=std::less<void>,
              _Ty1=Test &,
              _Ty2=Test &
          ]
C:\Program Files (x86)\Microsoft Visual Studio\2019\Community\VC\Tools\MSVC\14.28.29333\include\algorithm(7541): message : see reference to function template instantiation '_BidIt std::_Insertion_sort_unchecked<_RanIt,_Pr>(const _BidIt,const _BidIt,_Pr)' being compiled
          with
          [
              _BidIt=Test *,
              _RanIt=Test *,
              _Pr=std::less<void>
          ]
C:\Program Files (x86)\Microsoft Visual Studio\2019\Community\VC\Tools\MSVC\14.28.29333\include\algorithm(7571): message : see reference to function template instantiation 'void std::_Sort_unchecked<Test*,_Fn>(_RanIt,_RanIt,int,_Pr)' being compiled
          with
          [
              _Fn=std::less<void>,
              _RanIt=Test *,
              _Pr=std::less<void>
          ]
C:\Program Files (x86)\Microsoft Visual Studio\2019\Community\VC\Tools\MSVC\14.28.29333\include\algorithm(7576): message : see reference to function template instantiation 'void std::sort<_RanIt,std::less<void>>(const _RanIt,const _RanIt,_Pr)' being compiled
          with
          [
              _RanIt=std::_Vector_iterator<std::_Vector_val<std::_Simple_types<Test>>>,
              _Pr=std::less<void>
          ]
E:\Visual Studio Repos\UdemySortingVectors\UdemySortingVectors\UdemySortingVectors.cpp(40): message : see reference to function template instantiation 'void std::sort<std::_Vector_iterator<std::_Vector_val<std::_Simple_types<_Ty>>>>(const _RanIt,const _RanIt)' being compiled
          with
          [
              _Ty=Test,
              _RanIt=std::_Vector_iterator<std::_Vector_val<std::_Simple_types<Test>>>
          ]
C:\Program Files (x86)\Microsoft Visual Studio\2019\Community\VC\Tools\MSVC\14.28.29333\include\algorithm(7417,1): error C2893: Failed to specialize function template 'unknown-type std::less<void>::operator ()(_Ty1 &&,_Ty2 &&) noexcept(<expr>) const'
C:\Program Files (x86)\Microsoft Visual Studio\2019\Community\VC\Tools\MSVC\14.28.29333\include\xstddef(237): message : see declaration of 'std::less<void>::operator ()'
C:\Program Files (x86)\Microsoft Visual Studio\2019\Community\VC\Tools\MSVC\14.28.29333\include\algorithm(7417,1): message : With the following template arguments:
C:\Program Files (x86)\Microsoft Visual Studio\2019\Community\VC\Tools\MSVC\14.28.29333\include\algorithm(7417,1): message : '_Ty1=Test &'
C:\Program Files (x86)\Microsoft Visual Studio\2019\Community\VC\Tools\MSVC\14.28.29333\include\algorithm(7417,1): message : '_Ty2=Test &'
C:\Program Files (x86)\Microsoft Visual Studio\2019\Community\VC\Tools\MSVC\14.28.29333\include\algorithm(7475,16): error C2672: 'operator __surrogate_func': no matching overloaded function found
C:\Program Files (x86)\Microsoft Visual Studio\2019\Community\VC\Tools\MSVC\14.28.29333\include\algorithm(7552): message : see reference to function template instantiation 'std::pair<_RanIt,_RanIt> std::_Partition_by_median_guess_unchecked<_RanIt,_Pr>(_RanIt,_RanIt,_Pr)' being compiled
          with
          [
              _RanIt=Test *,
              _Pr=std::less<void>
          ]
C:\Program Files (x86)\Microsoft Visual Studio\2019\Community\VC\Tools\MSVC\14.28.29333\include\algorithm(7475,1): error C2893: Failed to specialize function template 'unknown-type std::less<void>::operator ()(_Ty1 &&,_Ty2 &&) noexcept(<expr>) const'
C:\Program Files (x86)\Microsoft Visual Studio\2019\Community\VC\Tools\MSVC\14.28.29333\include\xstddef(237): message : see declaration of 'std::less<void>::operator ()'
C:\Program Files (x86)\Microsoft Visual Studio\2019\Community\VC\Tools\MSVC\14.28.29333\include\algorithm(7475,1): message : With the following template arguments:
C:\Program Files (x86)\Microsoft Visual Studio\2019\Community\VC\Tools\MSVC\14.28.29333\include\algorithm(7475,1): message : '_Ty1=Test &'
C:\Program Files (x86)\Microsoft Visual Studio\2019\Community\VC\Tools\MSVC\14.28.29333\include\algorithm(7475,1): message : '_Ty2=Test &'
C:\Program Files (x86)\Microsoft Visual Studio\2019\Community\VC\Tools\MSVC\14.28.29333\include\algorithm(7479,76): error C2672: 'operator __surrogate_func': no matching overloaded function found
C:\Program Files (x86)\Microsoft Visual Studio\2019\Community\VC\Tools\MSVC\14.28.29333\include\algorithm(7479,1): error C2893: Failed to specialize function template 'unknown-type std::less<void>::operator ()(_Ty1 &&,_Ty2 &&) noexcept(<expr>) const'
C:\Program Files (x86)\Microsoft Visual Studio\2019\Community\VC\Tools\MSVC\14.28.29333\include\xstddef(237): message : see declaration of 'std::less<void>::operator ()'
C:\Program Files (x86)\Microsoft Visual Studio\2019\Community\VC\Tools\MSVC\14.28.29333\include\algorithm(7479,1): message : With the following template arguments:
C:\Program Files (x86)\Microsoft Visual Studio\2019\Community\VC\Tools\MSVC\14.28.29333\include\algorithm(7479,1): message : '_Ty1=Test &'
C:\Program Files (x86)\Microsoft Visual Studio\2019\Community\VC\Tools\MSVC\14.28.29333\include\algorithm(7479,1): message : '_Ty2=Test &'
C:\Program Files (x86)\Microsoft Visual Studio\2019\Community\VC\Tools\MSVC\14.28.29333\include\algorithm(7490,24): error C2672: 'operator __surrogate_func': no matching overloaded function found
C:\Program Files (x86)\Microsoft Visual Studio\2019\Community\VC\Tools\MSVC\14.28.29333\include\algorithm(7490,1): error C2893: Failed to specialize function template 'unknown-type std::less<void>::operator ()(_Ty1 &&,_Ty2 &&) noexcept(<expr>) const'
C:\Program Files (x86)\Microsoft Visual Studio\2019\Community\VC\Tools\MSVC\14.28.29333\include\xstddef(237): message : see declaration of 'std::less<void>::operator ()'
C:\Program Files (x86)\Microsoft Visual Studio\2019\Community\VC\Tools\MSVC\14.28.29333\include\algorithm(7490,1): message : With the following template arguments:
C:\Program Files (x86)\Microsoft Visual Studio\2019\Community\VC\Tools\MSVC\14.28.29333\include\algorithm(7490,1): message : '_Ty1=Test &'
C:\Program Files (x86)\Microsoft Visual Studio\2019\Community\VC\Tools\MSVC\14.28.29333\include\algorithm(7490,1): message : '_Ty2=Test &'
C:\Program Files (x86)\Microsoft Visual Studio\2019\Community\VC\Tools\MSVC\14.28.29333\include\algorithm(7503,24): error C2672: 'operator __surrogate_func': no matching overloaded function found
C:\Program Files (x86)\Microsoft Visual Studio\2019\Community\VC\Tools\MSVC\14.28.29333\include\algorithm(7503,1): error C2893: Failed to specialize function template 'unknown-type std::less<void>::operator ()(_Ty1 &&,_Ty2 &&) noexcept(<expr>) const'
C:\Program Files (x86)\Microsoft Visual Studio\2019\Community\VC\Tools\MSVC\14.28.29333\include\xstddef(237): message : see declaration of 'std::less<void>::operator ()'
C:\Program Files (x86)\Microsoft Visual Studio\2019\Community\VC\Tools\MSVC\14.28.29333\include\algorithm(7503,1): message : With the following template arguments:
C:\Program Files (x86)\Microsoft Visual Studio\2019\Community\VC\Tools\MSVC\14.28.29333\include\algorithm(7503,1): message : '_Ty1=Test &'
C:\Program Files (x86)\Microsoft Visual Studio\2019\Community\VC\Tools\MSVC\14.28.29333\include\algorithm(7503,1): message : '_Ty2=Test &'
